<?xml version="1.0" encoding="UTF-8"?>
<!-- Generated by org.testng.reporters.JUnitReportReporter -->
<testsuite hostname="DESKTOP-9IFTCKI" failures="0" tests="4" name="api.test.UserTest" time="8.283" errors="0" timestamp="2024-04-21T16:29:27 IST" skipped="0">
  <testcase classname="api.test.UserTest" name="testPost" time="4.666"/>
  <testcase classname="api.test.UserTest" name="getUsername" time="1.187"/>
  <testcase classname="api.test.UserTest" name="testUpdateUser" time="1.237"/>
  <testcase classname="api.test.UserTest" name="deleteUser" time="1.193"/>
</testsuite> <!-- api.test.UserTest -->
