<?xml version="1.0" encoding="UTF-8"?>
<!-- Generated by org.testng.reporters.JUnitReportReporter -->
<testsuite hostname="DESKTOP-9IFTCKI" failures="0" tests="6" name="api.test.DDTest" time="12.232" errors="0" timestamp="2024-04-21T13:20:21 IST" skipped="0">
  <testcase classname="api.test.DDTest" name="testPostUser" time="1.986"/>
  <testcase classname="api.test.DDTest" name="testPostUser" time="1.270"/>
  <testcase classname="api.test.DDTest" name="testPostUser" time="3.923"/>
  <testcase classname="api.test.DDTest" name="deleteUser" time="2.513"/>
  <testcase classname="api.test.DDTest" name="deleteUser" time="1.268"/>
  <testcase classname="api.test.DDTest" name="deleteUser" time="1.272"/>
</testsuite> <!-- api.test.DDTest -->
