<?xml version="1.0" encoding="UTF-8"?>
<!-- Generated by org.testng.reporters.JUnitReportReporter -->
<testsuite hostname="DESKTOP-9IFTCKI" failures="0" tests="6" name="api.test.DDTest" time="12.121" errors="0" timestamp="2024-04-21T16:50:34 IST" skipped="0">
  <testcase classname="api.test.DDTest" name="testPostUser" time="1.226"/>
  <testcase classname="api.test.DDTest" name="testPostUser" time="1.217"/>
  <testcase classname="api.test.DDTest" name="testPostUser" time="6.078"/>
  <testcase classname="api.test.DDTest" name="deleteUser" time="1.205"/>
  <testcase classname="api.test.DDTest" name="deleteUser" time="1.183"/>
  <testcase classname="api.test.DDTest" name="deleteUser" time="1.212"/>
</testsuite> <!-- api.test.DDTest -->
