<?xml version="1.0" encoding="UTF-8"?>
<!-- Generated by org.testng.reporters.JUnitReportReporter -->
<testsuite hostname="DESKTOP-9IFTCKI" failures="0" tests="4" name="api.test.UserTest" time="5.045" errors="0" timestamp="2024-04-21T16:50:34 IST" skipped="0">
  <testcase classname="api.test.UserTest" name="testPost" time="1.399"/>
  <testcase classname="api.test.UserTest" name="getUsername" time="1.220"/>
  <testcase classname="api.test.UserTest" name="testUpdateUser" time="1.242"/>
  <testcase classname="api.test.UserTest" name="deleteUser" time="1.184"/>
</testsuite> <!-- api.test.UserTest -->
